#
# There is insufficient memory for the Java Runtime Environment to continue.
# Native memory allocation (malloc) failed to allocate 1858544 bytes for Chunk::new
# Possible reasons:
#   The system is out of physical RAM or swap space
#   In 32 bit mode, the process size limit was hit
# Possible solutions:
#   Reduce memory load on the system
#   Increase physical memory or swap space
#   Check if swap backing store is full
#   Use 64 bit Java on a 64 bit OS
#   Decrease Java heap size (-Xmx/-Xms)
#   Decrease number of Java threads
#   Decrease Java thread stack sizes (-Xss)
#   Set larger code cache with -XX:ReservedCodeCacheSize=
# This output file may be truncated or incomplete.
#
#  Out of Memory Error (allocation.cpp:390), pid=11428, tid=0x0000000000001ad4
#
# JRE version: Java(TM) SE Runtime Environment (8.0_92-b14) (build 1.8.0_92-b14)
# Java VM: Java HotSpot(TM) 64-Bit Server VM (25.92-b14 mixed mode windows-amd64 compressed oops)
# Failed to write core dump. Minidumps are not enabled by default on client versions of Windows
#

---------------  T H R E A D  ---------------

Current thread (0x000000001907f000):  JavaThread "C2 CompilerThread0" daemon [_thread_in_native, id=6868, stack(0x0000000019710000,0x0000000019810000)]

Stack: [0x0000000019710000,0x0000000019810000]
[error occurred during error reporting (printing stack bounds), id 0xc0000005]

Native frames: (J=compiled Java code, j=interpreted, Vv=VM code, C=native code)


Current CompileTask:
C2:   7623 4479   !   4       org.springframework.util.ReflectionUtils::doWithMethods (176 bytes)


---------------  P R O C E S S  ---------------

Java Threads: ( => current thread )
  0x000000001f007800 JavaThread "elasticsearch[_client_][generic][T#3]" daemon [_thread_blocked, id=12724, stack(0x0000000025030000,0x0000000025130000)]
  0x000000001f003000 JavaThread "elasticsearch[_client_][generic][T#2]" daemon [_thread_blocked, id=9388, stack(0x0000000023f20000,0x0000000024020000)]
  0x000000001f000000 JavaThread "elasticsearch[_client_][transport_client_boss][T#12]" daemon [_thread_in_native, id=3340, stack(0x0000000022e00000,0x0000000022f00000)]
  0x000000001f007000 JavaThread "elasticsearch[_client_][transport_client_boss][T#11]" daemon [_thread_in_native, id=11088, stack(0x0000000022d00000,0x0000000022e00000)]
  0x000000001f006000 JavaThread "elasticsearch[_client_][transport_client_boss][T#10]" daemon [_thread_in_native, id=9024, stack(0x0000000022c00000,0x0000000022d00000)]
  0x000000001f002800 JavaThread "elasticsearch[_client_][transport_client_boss][T#9]" daemon [_thread_in_native, id=12032, stack(0x0000000022b00000,0x0000000022c00000)]
  0x000000001f001000 JavaThread "elasticsearch[_client_][transport_client_boss][T#8]" daemon [_thread_in_native, id=10436, stack(0x0000000022900000,0x0000000022a00000)]
  0x000000001c175000 JavaThread "elasticsearch[_client_][transport_client_boss][T#7]" daemon [_thread_in_native, id=10348, stack(0x0000000022800000,0x0000000022900000)]
  0x000000001c172000 JavaThread "elasticsearch[_client_][transport_client_boss][T#6]" daemon [_thread_in_native, id=11056, stack(0x0000000022700000,0x0000000022800000)]
  0x000000001c175800 JavaThread "elasticsearch[_client_][transport_client_boss][T#5]" daemon [_thread_in_native, id=13240, stack(0x0000000022600000,0x0000000022700000)]
  0x000000001c171000 JavaThread "elasticsearch[_client_][transport_client_boss][T#4]" daemon [_thread_in_native, id=13008, stack(0x00000000222e0000,0x00000000223e0000)]
  0x000000001c170800 JavaThread "elasticsearch[_client_][transport_client_boss][T#3]" daemon [_thread_in_native, id=5480, stack(0x0000000022500000,0x0000000022600000)]
  0x000000001c173800 JavaThread "elasticsearch[_client_][transport_client_boss][T#2]" daemon [_thread_in_native, id=10472, stack(0x0000000022400000,0x0000000022500000)]
  0x000000001c172800 JavaThread "elasticsearch[_client_][generic][T#1]" daemon [_thread_blocked, id=10680, stack(0x00000000221e0000,0x00000000222e0000)]
  0x000000001c174000 JavaThread "elasticsearch[_client_][transport_client_boss][T#1]" daemon [_thread_in_native, id=9476, stack(0x0000000020fd0000,0x00000000210d0000)]
  0x000000001c177000 JavaThread "elasticsearch[_client_][scheduler][T#1]" daemon [_thread_blocked, id=9176, stack(0x000000001e950000,0x000000001ea50000)]
  0x000000001c176800 JavaThread "elasticsearch[_client_][[timer]]" daemon [_thread_blocked, id=13280, stack(0x000000001c860000,0x000000001c960000)]
  0x000000001911d800 JavaThread "Service Thread" daemon [_thread_blocked, id=10928, stack(0x0000000019a10000,0x0000000019b10000)]
  0x0000000019088800 JavaThread "C1 CompilerThread2" daemon [_thread_blocked, id=12952, stack(0x0000000019910000,0x0000000019a10000)]
  0x000000001907f800 JavaThread "C2 CompilerThread1" daemon [_thread_blocked, id=5508, stack(0x0000000019810000,0x0000000019910000)]
=>0x000000001907f000 JavaThread "C2 CompilerThread0" daemon [_thread_in_native, id=6868, stack(0x0000000019710000,0x0000000019810000)]
  0x0000000019073800 JavaThread "Monitor Ctrl-Break" daemon [_thread_in_native, id=852, stack(0x0000000019610000,0x0000000019710000)]
  0x0000000017648800 JavaThread "Attach Listener" daemon [_thread_blocked, id=11536, stack(0x0000000019510000,0x0000000019610000)]
  0x000000001901b800 JavaThread "Signal Dispatcher" daemon [_thread_blocked, id=9160, stack(0x0000000019410000,0x0000000019510000)]
  0x0000000017624000 JavaThread "Finalizer" daemon [_thread_blocked, id=4272, stack(0x0000000018eb0000,0x0000000018fb0000)]
  0x00000000175fc800 JavaThread "Reference Handler" daemon [_thread_blocked, id=8244, stack(0x0000000018db0000,0x0000000018eb0000)]
  0x0000000002af7800 JavaThread "main" [_thread_blocked, id=3644, stack(0x0000000002920000,0x0000000002a20000)]

Other Threads:
  0x0000000002bee800 VMThread [stack: 0x0000000018cb0000,0x0000000018db0000] [id=7896]
  0x0000000019165800 WatcherThread [stack: 0x0000000019b10000,0x0000000019c10000] [id=10684]

VM state:not at safepoint (normal execution)

VM Mutex/Monitor currently owned by a thread: None

Heap:
 PSYoungGen      total 372736K, used 101034K [0x00000000d8400000, 0x00000000fca00000, 0x0000000100000000)
  eden space 360960K, 24% used [0x00000000d8400000,0x00000000ddb2c310,0x00000000ee480000)
  from space 11776K, 99% used [0x00000000ee480000,0x00000000eeffe5e0,0x00000000ef000000)
  to   space 23552K, 0% used [0x00000000fb300000,0x00000000fb300000,0x00000000fca00000)
 ParOldGen       total 55808K, used 42022K [0x0000000088c00000, 0x000000008c280000, 0x00000000d8400000)
  object space 55808K, 75% used [0x0000000088c00000,0x000000008b509898,0x000000008c280000)
 Metaspace       used 54534K, capacity 57360K, committed 57560K, reserved 1099776K
  class space    used 7281K, capacity 7934K, committed 7936K, reserved 1048576K

Card table byte_map: [0x00000000120b0000,0x0000000012470000] byte_map_base: 0x0000000011c6a000

Marking Bits: (ParMarkBitMap*) 0x00000000556364f0
 Begin Bits: [0x0000000012cf0000, 0x0000000014ac0000)
 End Bits:   [0x0000000014ac0000, 0x0000000016890000)

Polling page: 0x0000000000ca0000

CodeCache: size=245760Kb used=14763Kb max_used=16452Kb free=230996Kb
 bounds [0x0000000002cf0000, 0x0000000003d10000, 0x0000000011cf0000]
 total_blobs=4630 nmethods=4070 adapters=471
 compilation: enabled

Compilation events (10 events):
Event: 6.849 Thread 0x0000000019088800 nmethod 4564 0x0000000003369ed0 code [0x000000000336a060, 0x000000000336a568]
Event: 6.946 Thread 0x000000001907f800 nmethod 4559 0x000000000312e4d0 code [0x000000000312e7e0, 0x00000000031350c0]
Event: 7.605 Thread 0x0000000019088800 4565       3       io.netty.util.internal.shaded.org.jctools.queues.atomic.BaseMpscLinkedAtomicArrayQueue::isEmpty (18 bytes)
Event: 7.605 Thread 0x0000000019088800 nmethod 4565 0x0000000002ebff50 code [0x0000000002ec00c0, 0x0000000002ec0430]
Event: 7.605 Thread 0x0000000019088800 4566       3       io.netty.util.internal.shaded.org.jctools.queues.atomic.BaseMpscLinkedAtomicArrayQueueConsumerFields::lvConsumerIndex (5 bytes)
Event: 7.605 Thread 0x0000000019088800 nmethod 4566 0x0000000003005610 code [0x0000000003005760, 0x00000000030058b0]
Event: 7.609 Thread 0x0000000019088800 4567       3       java.util.concurrent.atomic.AtomicReferenceArray::checkedByteOffset (45 bytes)
Event: 7.609 Thread 0x0000000019088800 nmethod 4567 0x0000000003347690 code [0x0000000003347880, 0x0000000003348158]
Event: 7.609 Thread 0x0000000019088800 4568       3       java.util.concurrent.atomic.AtomicReferenceArray::byteOffset (12 bytes)
Event: 7.609 Thread 0x0000000019088800 nmethod 4568 0x0000000003067490 code [0x00000000030675e0, 0x0000000003067730]

GC Heap History (10 events):
Event: 2.385 GC heap before
{Heap before GC invocations=9 (full 1):
 PSYoungGen      total 129536K, used 120320K [0x00000000d8400000, 0x00000000e8100000, 0x0000000100000000)
  eden space 120320K, 100% used [0x00000000d8400000,0x00000000df980000,0x00000000df980000)
  from space 9216K, 0% used [0x00000000df980000,0x00000000df980000,0x00000000e0280000)
  to   space 9216K, 0% used [0x00000000e7800000,0x00000000e7800000,0x00000000e8100000)
 ParOldGen       total 40960K, used 5076K [0x0000000088c00000, 0x000000008b400000, 0x00000000d8400000)
  object space 40960K, 12% used [0x0000000088c00000,0x00000000890f51a8,0x000000008b400000)
 Metaspace       used 26870K, capacity 27766K, committed 28032K, reserved 1073152K
  class space    used 3493K, capacity 3701K, committed 3712K, reserved 1048576K
Event: 2.389 GC heap after
Heap after GC invocations=9 (full 1):
 PSYoungGen      total 239616K, used 6161K [0x00000000d8400000, 0x00000000e7e80000, 0x0000000100000000)
  eden space 232960K, 0% used [0x00000000d8400000,0x00000000d8400000,0x00000000e6780000)
  from space 6656K, 92% used [0x00000000e7800000,0x00000000e7e04428,0x00000000e7e80000)
  to   space 9216K, 0% used [0x00000000e6c80000,0x00000000e6c80000,0x00000000e7580000)
 ParOldGen       total 40960K, used 5148K [0x0000000088c00000, 0x000000008b400000, 0x00000000d8400000)
  object space 40960K, 12% used [0x0000000088c00000,0x00000000891071b8,0x000000008b400000)
 Metaspace       used 26870K, capacity 27766K, committed 28032K, reserved 1073152K
  class space    used 3493K, capacity 3701K, committed 3712K, reserved 1048576K
}
Event: 3.508 GC heap before
{Heap before GC invocations=10 (full 1):
 PSYoungGen      total 239616K, used 239121K [0x00000000d8400000, 0x00000000e7e80000, 0x0000000100000000)
  eden space 232960K, 100% used [0x00000000d8400000,0x00000000e6780000,0x00000000e6780000)
  from space 6656K, 92% used [0x00000000e7800000,0x00000000e7e04428,0x00000000e7e80000)
  to   space 9216K, 0% used [0x00000000e6c80000,0x00000000e6c80000,0x00000000e7580000)
 ParOldGen       total 40960K, used 5148K [0x0000000088c00000, 0x000000008b400000, 0x00000000d8400000)
  object space 40960K, 12% used [0x0000000088c00000,0x00000000891071b8,0x000000008b400000)
 Metaspace       used 32130K, capacity 33460K, committed 33664K, reserved 1079296K
  class space    used 4164K, capacity 4426K, committed 4480K, reserved 1048576K
Event: 3.521 GC heap after
Heap after GC invocations=10 (full 1):
 PSYoungGen      total 247296K, used 9202K [0x00000000d8400000, 0x00000000efb80000, 0x0000000100000000)
  eden space 238080K, 0% used [0x00000000d8400000,0x00000000d8400000,0x00000000e6c80000)
  from space 9216K, 99% used [0x00000000e6c80000,0x00000000e757cae8,0x00000000e7580000)
  to   space 11776K, 0% used [0x00000000ef000000,0x00000000ef000000,0x00000000efb80000)
 ParOldGen       total 40960K, used 8530K [0x0000000088c00000, 0x000000008b400000, 0x00000000d8400000)
  object space 40960K, 20% used [0x0000000088c00000,0x0000000089454838,0x000000008b400000)
 Metaspace       used 32130K, capacity 33460K, committed 33664K, reserved 1079296K
  class space    used 4164K, capacity 4426K, committed 4480K, reserved 1048576K
}
Event: 3.956 GC heap before
{Heap before GC invocations=11 (full 1):
 PSYoungGen      total 247296K, used 106805K [0x00000000d8400000, 0x00000000efb80000, 0x0000000100000000)
  eden space 238080K, 40% used [0x00000000d8400000,0x00000000de350c38,0x00000000e6c80000)
  from space 9216K, 99% used [0x00000000e6c80000,0x00000000e757cae8,0x00000000e7580000)
  to   space 11776K, 0% used [0x00000000ef000000,0x00000000ef000000,0x00000000efb80000)
 ParOldGen       total 40960K, used 8530K [0x0000000088c00000, 0x000000008b400000, 0x00000000d8400000)
  object space 40960K, 20% used [0x0000000088c00000,0x0000000089454838,0x000000008b400000)
 Metaspace       used 33766K, capacity 35316K, committed 35416K, reserved 1079296K
  class space    used 4378K, capacity 4662K, committed 4736K, reserved 1048576K
Event: 3.964 GC heap after
Heap after GC invocations=11 (full 1):
 PSYoungGen      total 372736K, used 7082K [0x00000000d8400000, 0x00000000f0000000, 0x0000000100000000)
  eden space 360960K, 0% used [0x00000000d8400000,0x00000000d8400000,0x00000000ee480000)
  from space 11776K, 60% used [0x00000000ef000000,0x00000000ef6ea870,0x00000000efb80000)
  to   space 11776K, 0% used [0x00000000ee480000,0x00000000ee480000,0x00000000ef000000)
 ParOldGen       total 40960K, used 11006K [0x0000000088c00000, 0x000000008b400000, 0x00000000d8400000)
  object space 40960K, 26% used [0x0000000088c00000,0x00000000896bf888,0x000000008b400000)
 Metaspace       used 33766K, capacity 35316K, committed 35416K, reserved 1079296K
  class space    used 4378K, capacity 4662K, committed 4736K, reserved 1048576K
}
Event: 3.964 GC heap before
{Heap before GC invocations=12 (full 2):
 PSYoungGen      total 372736K, used 7082K [0x00000000d8400000, 0x00000000f0000000, 0x0000000100000000)
  eden space 360960K, 0% used [0x00000000d8400000,0x00000000d8400000,0x00000000ee480000)
  from space 11776K, 60% used [0x00000000ef000000,0x00000000ef6ea870,0x00000000efb80000)
  to   space 11776K, 0% used [0x00000000ee480000,0x00000000ee480000,0x00000000ef000000)
 ParOldGen       total 40960K, used 11006K [0x0000000088c00000, 0x000000008b400000, 0x00000000d8400000)
  object space 40960K, 26% used [0x0000000088c00000,0x00000000896bf888,0x000000008b400000)
 Metaspace       used 33766K, capacity 35316K, committed 35416K, reserved 1079296K
  class space    used 4378K, capacity 4662K, committed 4736K, reserved 1048576K
Event: 4.005 GC heap after
Heap after GC invocations=12 (full 2):
 PSYoungGen      total 372736K, used 0K [0x00000000d8400000, 0x00000000f0000000, 0x0000000100000000)
  eden space 360960K, 0% used [0x00000000d8400000,0x00000000d8400000,0x00000000ee480000)
  from space 11776K, 0% used [0x00000000ef000000,0x00000000ef000000,0x00000000efb80000)
  to   space 11776K, 0% used [0x00000000ee480000,0x00000000ee480000,0x00000000ef000000)
 ParOldGen       total 55808K, used 14061K [0x0000000088c00000, 0x000000008c280000, 0x00000000d8400000)
  object space 55808K, 25% used [0x0000000088c00000,0x00000000899bb730,0x000000008c280000)
 Metaspace       used 33766K, capacity 35316K, committed 35416K, reserved 1079296K
  class space    used 4378K, capacity 4662K, committed 4736K, reserved 1048576K
}
Event: 6.230 GC heap before
{Heap before GC invocations=13 (full 2):
 PSYoungGen      total 372736K, used 360960K [0x00000000d8400000, 0x00000000f0000000, 0x0000000100000000)
  eden space 360960K, 100% used [0x00000000d8400000,0x00000000ee480000,0x00000000ee480000)
  from space 11776K, 0% used [0x00000000ef000000,0x00000000ef000000,0x00000000efb80000)
  to   space 11776K, 0% used [0x00000000ee480000,0x00000000ee480000,0x00000000ef000000)
 ParOldGen       total 55808K, used 14061K [0x0000000088c00000, 0x000000008c280000, 0x00000000d8400000)
  object space 55808K, 25% used [0x0000000088c00000,0x00000000899bb730,0x000000008c280000)
 Metaspace       used 53468K, capacity 55952K, committed 56152K, reserved 1097728K
  class space    used 7118K, capacity 7708K, committed 7808K, reserved 1048576K
Event: 6.456 GC heap after
Heap after GC invocations=13 (full 2):
 PSYoungGen      total 372736K, used 11769K [0x00000000d8400000, 0x00000000fca00000, 0x0000000100000000)
  eden space 360960K, 0% used [0x00000000d8400000,0x00000000d8400000,0x00000000ee480000)
  from space 11776K, 99% used [0x00000000ee480000,0x00000000eeffe5e0,0x00000000ef000000)
  to   space 23552K, 0% used [0x00000000fb300000,0x00000000fb300000,0x00000000fca00000)
 ParOldGen       total 55808K, used 42022K [0x0000000088c00000, 0x000000008c280000, 0x00000000d8400000)
  object space 55808K, 75% used [0x0000000088c00000,0x000000008b509898,0x000000008c280000)
 Metaspace       used 53468K, capacity 55952K, committed 56152K, reserved 1097728K
  class space    used 7118K, capacity 7708K, committed 7808K, reserved 1048576K
}

Deoptimization events (10 events):
Event: 4.954 Thread 0x0000000002af7800 Uncommon trap: reason=unstable_if action=reinterpret pc=0x000000000335ff6c method=java.security.CodeSource.getCertificates()[Ljava/security/cert/Certificate; @ 22
Event: 5.594 Thread 0x0000000002af7800 Uncommon trap: reason=class_check action=maybe_recompile pc=0x0000000003346054 method=java.util.AbstractList$Itr.hasNext()Z @ 8
Event: 5.594 Thread 0x0000000002af7800 Uncommon trap: reason=class_check action=maybe_recompile pc=0x000000000333ddc4 method=java.util.AbstractList$Itr.next()Ljava/lang/Object; @ 14
Event: 5.833 Thread 0x0000000002af7800 Uncommon trap: reason=unstable_if action=reinterpret pc=0x00000000031e7c00 method=java.io.WinNTFileSystem.isLetter(C)Z @ 3
Event: 5.833 Thread 0x0000000002af7800 Uncommon trap: reason=unstable_if action=reinterpret pc=0x0000000003c49188 method=java.io.WinNTFileSystem.prefixLength(Ljava/lang/String;)I @ 42
Event: 6.731 Thread 0x0000000002af7800 Uncommon trap: reason=bimorphic action=maybe_recompile pc=0x0000000003bd6274 method=com.sun.beans.TypeResolver.resolve(Ljava/lang/reflect/Type;Ljava/lang/reflect/Type;)Ljava/lang/reflect/Type; @ 225
Event: 6.757 Thread 0x0000000002af7800 Uncommon trap: reason=unstable_if action=reinterpret pc=0x00000000035eff18 method=org.springframework.util.ConcurrentReferenceHashMap$Segment.findInChain(Lorg/springframework/util/ConcurrentReferenceHashMap$Reference;Ljava/lang/Object;I)Lorg/springframeworE#DžÉ#@
Event: 6.785 Thread 0x0000000002af7800 Uncommon trap: reason=unstable_if action=reinterpret pc=0x00000000039f9ed8 method=org.springframework.util.ClassUtils.isAssignable(Ljava/lang/Class;Ljava/lang/Class;)Z @ 66
Event: 6.849 Thread 0x000000001f007000 Uncommon trap: reason=unstable_if action=reinterpret pc=0x0000000002eebde4 method=java.lang.AbstractStringBuilder.append(Ljava/lang/String;)Ljava/lang/AbstractStringBuilder; @ 1
Event: 6.849 Thread 0x000000001f007000 Uncommon trap: reason=unstable_if action=reinterpret pc=0x0000000002eb5c38 method=java.lang.AbstractStringBuilder.append(Ljava/lang/String;)Ljava/lang/AbstractStringBuilder; @ 1

Internal exceptions (10 events):
Event: 6.792 Thread 0x0000000002af7800 Exception <a 'java/lang/IncompatibleClassChangeError': Found class java.lang.Object, but interface was expected> (0x00000000dcfa64c8) thrown at [D:\re\workspace\8-2-build-windows-amd64-cygwin\jdk8u92\6642\hotspot\src\share\vm\interpreter\linkResolver.cpp, x¼$)D3@
Event: 6.800 Thread 0x0000000002af7800 Exception <a 'java/lang/ClassNotFoundException': java/lang/ObjectCustomizer> (0x00000000dd0cb730) thrown at [D:\re\workspace\8-2-build-windows-amd64-cygwin\jdk8u92\6642\hotspot\src\share\vm\classfile\systemDictionary.cpp, line 210]
Event: 6.801 Thread 0x0000000002af7800 Exception <a 'java/lang/ClassNotFoundException': com/leyou/search/pojo/GoodsCustomizer> (0x00000000dd0f6dd8) thrown at [D:\re\workspace\8-2-build-windows-amd64-cygwin\jdk8u92\6642\hotspot\src\share\vm\classfile\systemDictionary.cpp, line 210]
Event: 6.811 Thread 0x0000000002af7800 Exception <a 'java/lang/NoSuchMethodError': java.lang.Object.lambda$toStream$0(Ljava/util/Optional;)Ljava/util/stream/Stream;> (0x00000000dd25ae10) thrown at [D:\re\workspace\8-2-build-windows-amd64-cygwin\jdk8u92\6642\hotspot\src\share\vm\interpreter\link!‡Ò(n>@
Event: 6.811 Thread 0x0000000002af7800 Exception <a 'java/lang/NoSuchMethodError': java.lang.Object.of(Ljava/lang/Object;)Ljava/util/stream/Stream;> (0x00000000dd261f58) thrown at [D:\re\workspace\8-2-build-windows-amd64-cygwin\jdk8u92\6642\hotspot\src\share\vm\interpreter\linkResolver.cpp, lin`X0–>@
Event: 6.811 Thread 0x0000000002af7800 Exception <a 'java/lang/NoSuchMethodError': java.lang.Object.empty()Ljava/util/stream/Stream;> (0x00000000dd265060) thrown at [D:\re\workspace\8-2-build-windows-amd64-cygwin\jdk8u92\6642\hotspot\src\share\vm\interpreter\linkResolver.cpp, line 582]
Event: 6.813 Thread 0x0000000002af7800 Exception <a 'java/lang/NoSuchMethodError': java.lang.Object.fromNullable(Ljava/lang/Object;)Ljava/util/stream/Stream;> (0x00000000dd29b128) thrown at [D:\re\workspace\8-2-build-windows-amd64-cygwin\jdk8u92\6642\hotspot\src\share\vm\interpreter\linkResolve.~	ËŽS@
Event: 6.832 Thread 0x000000001f007000 Exception <a 'java/lang/OutOfMemoryError'> (0x00000000d9f501b0) thrown at [D:\re\workspace\8-2-build-windows-amd64-cygwin\jdk8u92\6642\hotspot\src\share\vm\prims\unsafe.cpp, line 634]
Event: 6.849 Thread 0x000000001f007000 Implicit null exception at 0x0000000002eeba96 to 0x0000000002eebdcd
Event: 6.849 Thread 0x000000001f007000 Implicit null exception at 0x0000000002eb58d4 to 0x0000000002eb5c21

Events (10 events):
Event: 6.848 loading class java/lang/Package$1
Event: 6.848 loading class java/lang/Package$1 done
Event: 6.848 Executing VM operation: RevokeBias
Event: 6.849 Executing VM operation: RevokeBias done
Event: 6.849 Thread 0x000000001f007000 Uncommon trap: trap_request=0xffffff65 fr.pc=0x0000000002eebde4
Event: 6.849 Thread 0x000000001f007000 DEOPT PACKING pc=0x0000000002eebde4 sp=0x0000000022dfd800
Event: 6.849 Thread 0x000000001f007000 DEOPT UNPACKING pc=0x0000000002d3582a sp=0x0000000022dfd790 mode 2
Event: 6.849 Thread 0x000000001f007000 Uncommon trap: trap_request=0xffffff65 fr.pc=0x0000000002eb5c38
Event: 6.849 Thread 0x000000001f007000 DEOPT PACKING pc=0x0000000002eb5c38 sp=0x0000000022dfd850
Event: 6.849 Thread 0x000000001f007000 DEOPT UNPACKING pc=0x0000000002d3582a sp=0x0000000022dfd820 mode 2


Dynamic libraries:
0x00007ff6f24f0000 - 0x00007ff6f2527000 	D:\apps\java\bin\java.exe
0x00007ff93b0c0000 - 0x00007ff93b2b0000 	C:\Windows\SYSTEM32\ntdll.dll
0x00007ff939f40000 - 0x00007ff939ff2000 	C:\Windows\System32\KERNEL32.DLL
0x00007ff9385d0000 - 0x00007ff938873000 	C:\Windows\System32\KERNELBASE.dll
0x00007ff93a550000 - 0x00007ff93a5f3000 	C:\Windows\System32\ADVAPI32.dll
0x00007ff93afa0000 - 0x00007ff93b03e000 	C:\Windows\System32\msvcrt.dll
0x00007ff939820000 - 0x00007ff9398b7000 	C:\Windows\System32\sechost.dll
0x00007ff9399a0000 - 0x00007ff939ac0000 	C:\Windows\System32\RPCRT4.dll
0x00007ff939680000 - 0x00007ff939814000 	C:\Windows\System32\USER32.dll
0x00007ff938880000 - 0x00007ff9388a1000 	C:\Windows\System32\win32u.dll
0x00007ff93a000000 - 0x00007ff93a026000 	C:\Windows\System32\GDI32.dll
0x00007ff9383b0000 - 0x00007ff938544000 	C:\Windows\System32\gdi32full.dll
0x00007ff938960000 - 0x00007ff9389fe000 	C:\Windows\System32\msvcp_win.dll
0x00007ff938240000 - 0x00007ff93833a000 	C:\Windows\System32\ucrtbase.dll
0x00007ff925e80000 - 0x00007ff926105000 	C:\Windows\WinSxS\amd64_microsoft.windows.common-controls_6595b64144ccf1df_6.0.18362.535_none_e6c3b34713100821\COMCTL32.dll
0x00007ff939ac0000 - 0x00007ff939df6000 	C:\Windows\System32\combase.dll
0x00007ff938550000 - 0x00007ff9385d0000 	C:\Windows\System32\bcryptPrimitives.dll
0x00007ff93a270000 - 0x00007ff93a29e000 	C:\Windows\System32\IMM32.DLL
0x00000000556c0000 - 0x0000000055792000 	D:\apps\java\jre\bin\msvcr100.dll
0x0000000054e20000 - 0x00000000556b6000 	D:\apps\java\jre\bin\server\jvm.dll
0x00007ff93a740000 - 0x00007ff93a748000 	C:\Windows\System32\PSAPI.DLL
0x00007ff913b30000 - 0x00007ff913b39000 	C:\Windows\SYSTEM32\WSOCK32.dll
0x00007ff936020000 - 0x00007ff936044000 	C:\Windows\SYSTEM32\WINMM.dll
0x00007ff93a380000 - 0x00007ff93a3ef000 	C:\Windows\System32\WS2_32.dll
0x00007ff9347d0000 - 0x00007ff9347da000 	C:\Windows\SYSTEM32\VERSION.dll
0x00007ff935ff0000 - 0x00007ff93601d000 	C:\Windows\SYSTEM32\WINMMBASE.dll
0x00007ff938360000 - 0x00007ff9383aa000 	C:\Windows\System32\cfgmgr32.dll
0x0000000054e10000 - 0x0000000054e1f000 	D:\apps\java\jre\bin\verify.dll
0x0000000054de0000 - 0x0000000054e09000 	D:\apps\java\jre\bin\java.dll
0x0000000054cb0000 - 0x0000000054cd3000 	D:\apps\java\jre\bin\instrument.dll
0x0000000054dc0000 - 0x0000000054dd6000 	D:\apps\java\jre\bin\zip.dll
0x00007ff93a8b0000 - 0x00007ff93af95000 	C:\Windows\System32\SHELL32.dll
0x00007ff93a800000 - 0x00007ff93a8a9000 	C:\Windows\System32\shcore.dll
0x00007ff938a00000 - 0x00007ff93917f000 	C:\Windows\System32\windows.storage.dll
0x00007ff938000000 - 0x00007ff93801f000 	C:\Windows\System32\profapi.dll
0x00007ff938040000 - 0x00007ff93808a000 	C:\Windows\System32\powrprof.dll
0x00007ff937fd0000 - 0x00007ff937fe0000 	C:\Windows\System32\UMPDC.dll
0x00007ff939e60000 - 0x00007ff939eb2000 	C:\Windows\System32\shlwapi.dll
0x00007ff937fe0000 - 0x00007ff937ff1000 	C:\Windows\System32\kernel.appcore.dll
0x00007ff938340000 - 0x00007ff938357000 	C:\Windows\System32\cryptsp.dll
0x00007ff934870000 - 0x00007ff93488a000 	D:\apps\java-develop\idea2019\IntelliJ IDEA 2019.2.4\bin\breakgen64.dll
0x0000000054d90000 - 0x0000000054daa000 	D:\apps\java\jre\bin\net.dll
0x00007ff9377e0000 - 0x00007ff937847000 	C:\Windows\system32\mswsock.dll
0x0000000054d70000 - 0x0000000054d81000 	D:\apps\java\jre\bin\nio.dll
0x00007ff9374f0000 - 0x00007ff93752a000 	C:\Windows\SYSTEM32\IPHLPAPI.DLL
0x00007ff9398c0000 - 0x00007ff9398c8000 	C:\Windows\System32\NSI.dll
0x00007ff92c270000 - 0x00007ff92c286000 	C:\Windows\SYSTEM32\dhcpcsvc6.DLL
0x00007ff92c250000 - 0x00007ff92c26c000 	C:\Windows\SYSTEM32\dhcpcsvc.DLL
0x00007ff937530000 - 0x00007ff9375fa000 	C:\Windows\SYSTEM32\DNSAPI.dll
0x00000000557e0000 - 0x0000000055806000 	C:\Program Files\Bonjour\mdnsNSP.dll
0x00007ff92d3e0000 - 0x00007ff92d457000 	C:\Windows\System32\fwpuclnt.dll
0x00007ff939180000 - 0x00007ff9391a6000 	C:\Windows\System32\bcrypt.dll
0x0000000054db0000 - 0x0000000054dbd000 	D:\apps\java\jre\bin\management.dll
0x00007ff927250000 - 0x00007ff927266000 	C:\Windows\system32\napinsp.dll
0x00007ff927070000 - 0x00007ff92708a000 	C:\Windows\system32\pnrpnsp.dll
0x00007ff927020000 - 0x00007ff92702e000 	C:\Windows\System32\winrnr.dll
0x00007ff934830000 - 0x00007ff93484c000 	C:\Windows\system32\NLAapi.dll
0x00007ff927000000 - 0x00007ff927015000 	C:\Windows\system32\wshbth.dll
0x00007ff937350000 - 0x00007ff937383000 	C:\Windows\system32\rsaenh.dll
0x00007ff937ef0000 - 0x00007ff937f15000 	C:\Windows\SYSTEM32\USERENV.dll
0x00007ff9379b0000 - 0x00007ff9379bc000 	C:\Windows\SYSTEM32\CRYPTBASE.dll

VM Arguments:
jvm_args: -ea -Didea.test.cyclic.buffer.size=1048576 -javaagent:D:\apps\java-develop\idea2019\IntelliJ IDEA 2019.2.4\lib\idea_rt.jar=11240:D:\apps\java-develop\idea2019\IntelliJ IDEA 2019.2.4\bin -Dfile.encoding=UTF-8 
java_command: com.intellij.rt.execution.junit.JUnitStarter -ideVersion5 -junit4 com.leyou.search.repository.GoodsRepositoryTest,test2
java_class_path (initial): D:\apps\java-develop\idea2019\IntelliJ IDEA 2019.2.4\lib\idea_rt.jar;D:\apps\java-develop\idea2019\IntelliJ IDEA 2019.2.4\plugins\junit\lib\junit-rt.jar;D:\apps\java-develop\idea2019\IntelliJ IDEA 2019.2.4\plugins\junit\lib\junit5-rt.jar;D:\apps\java\jre\lib\charsets.jar;D:\apps\java\jre\lib\deploy.jar;D:\apps\java\jre\lib\ext\access-bridge-64.jar;D:\apps\java\jre\lib\ext\cldrdata.jar;D:\apps\java\jre\lib\ext\dnsns.jar;D:\apps\java\jre\lib\ext\jaccess.jar;D:\apps\java\jre\lib\ext\jfxrt.jar;D:\apps\java\jre\lib\ext\localedata.jar;D:\apps\java\jre\lib\ext\nashorn.jar;D:\apps\java\jre\lib\ext\sunec.jar;D:\apps\java\jre\lib\ext\sunjce_provider.jar;D:\apps\java\jre\lib\ext\sunmscapi.jar;D:\apps\java\jre\lib\ext\sunpkcs11.jar;D:\apps\java\jre\lib\ext\zipfs.jar;D:\apps\java\jre\lib\javaws.jar;D:\apps\java\jre\lib\jce.jar;D:\apps\java\jre\lib\jfr.jar;D:\apps\java\jre\lib\jfxswt.jar;D:\apps\java\jre\lib\jsse.jar;D:\apps\java\jre\lib\management-agent.jar;D:\apps\java\jre\lib\plugin.jar;D:\apps\java\jre\lib\resources.jar;D:\apps\java\jre\lib\rt.jar;D:\apps\java-develop\workspace\leyou\ly-search\target\test-classes;D:\apps\java-develop\workspace\leyou\ly-search\target\classes;D:\apps\java-develop\alibaba-repository\org\springframework\cloud\spring-cloud-starter-netflix-eureka-client\2.0.1.RELEASE\spring-cloud-starter-netflix-eureka-client-2.0.1.RELEASE.jar;D:\apps\java-develop\alibaba-repository\org\springframework\cloud\spring-cloud-starter\2.0.1.RELEASE\spring-cloud-starter-2.0.1.RELEASE.jar;D:\apps\java-develop\alibaba-repository\org\springframework\cloud\spring-cloud-context\2.0.1.RELEASE\spring-cloud-context-2.0.1.RELEASE.jar;D:\apps\java-develop\alibaba-repository\org\springframework\security\spring-security-rsa\1.0.5.RELEASE\spring-security-rsa-1.0.5.RELEASE.jar;D:\apps\java-develop\alibaba-repository\org\bouncycastle\bcpkix-jdk15on\1.56\bcpkix-jdk15on-1.56.jar;D:\apps\java-develop\alibaba-repository\org\bouncycastle\bcprov-jdk15on\1.56\bcpro
Launcher Type: SUN_STANDARD

Environment Variables:
JAVA_HOME=D:\apps\java
CLASSPATH=.;D:\apps\java\lib\dt.jar;D:\apps\java\lib\tools.jar
PATH=C:\Program Files (x86)\Common Files\Oracle\Java\javapath;C:\ProgramData\Oracle\Java\javapath;C:\Windows\system32;C:\Windows;C:\Windows\System32\Wbem;C:\Windows\System32\WindowsPowerShell\v1.0\;D:\apps\java\bin;D:\apps\nodejs\;C:\Users\Administrator\AppData\Local\Microsoft\WindowsApps;C:\Users\Administrator\AppData\Roaming\npm
USERNAME=Administrator
OS=Windows_NT
PROCESSOR_IDENTIFIER=Intel64 Family 6 Model 158 Stepping 10, GenuineIntel



---------------  S Y S T E M  ---------------

OS: Windows 10.0 , 64 bit Build 18362 (10.0.18362.329)

CPU:total 6 (6 cores per cpu, 1 threads per core) family 6 model 158 stepping 10, cmov, cx8, fxsr, mmx, sse, sse2, sse3, ssse3, sse4.1, sse4.2, popcnt, avx, avx2, aes, clmul, erms, 3dnowpref, lzcnt, tsc, tscinvbit, bmi1, bmi2, adx

Memory: 4k page, physical 7812588k(428116k free), swap 14366312k(7692k free)

vm_info: Java HotSpot(TM) 64-Bit Server VM (25.92-b14) for windows-amd64 JRE (1.8.0_92-b14), built on Mar 31 2016 21:03:04 by "java_re" with MS VC++ 10.0 (VS2010)

time: Thu Mar 05 19:45:11 2020
elapsed time: 7 seconds (0d 0h 0m 7s)

